{
  "stats": {
    "suites": 44,
    "tests": 55,
    "passes": 55,
    "pending": 0,
    "failures": 0,
    "start": "2015-10-28T08:21:59.386Z",
    "end": "2015-10-28T08:22:00.180Z"
  },
  "coverage": {
    "total": {
      "statementsTotal": 73,
      "statementsCovered": 73,
      "percentage": 100
    },
    "files": [
      {
        "name": "ember-data-echonest/adapters/echonest-genre",
        "statementsTotal": 4,
        "statementsCovered": 4,
        "percentage": 100
      },
      {
        "name": "ember-data-echonest/adapters/echonest",
        "statementsTotal": 28,
        "statementsCovered": 28,
        "percentage": 100
      },
      {
        "name": "ember-data-echonest/adapters/echonest-song",
        "statementsTotal": 4,
        "statementsCovered": 4,
        "percentage": 100
      },
      {
        "name": "ember-data-echonest/models/echonest-genre",
        "statementsTotal": 5,
        "statementsCovered": 5,
        "percentage": 100
      },
      {
        "name": "ember-data-echonest/models/echonest-song",
        "statementsTotal": 5,
        "statementsCovered": 5,
        "percentage": 100
      },
      {
        "name": "ember-data-echonest/serializers/echonest-genre",
        "statementsTotal": 3,
        "statementsCovered": 3,
        "percentage": 100
      },
      {
        "name": "ember-data-echonest/serializers/echonest",
        "statementsTotal": 21,
        "statementsCovered": 21,
        "percentage": 100
      },
      {
        "name": "ember-data-echonest/serializers/echonest-song",
        "statementsTotal": 3,
        "statementsCovered": 3,
        "percentage": 100
      }
    ]
  }
}